<?xml version="1.0" encoding="UTF-8"?>
<testsuite xmlns:xsi="http://www.w3.org/2001/XMLSchema-instance" xsi:noNamespaceSchemaLocation="https://maven.apache.org/surefire/maven-failsafe-plugin/xsd/failsafe-test-report-3.0.xsd" version="3.0" name="sisnara.PaginaInicialTest" time="69.743" tests="4" errors="0" skipped="0" failures="0">
  <properties>
[...]
</properties>
  <testcase name="Example #1.1" classname="Examples" time="16.101">
    <system-out><![CDATA[
@HU013
Scenario Outline: Validar cabeceras de grilla al ingresar al mÃ³dulo "EvaluaciÃ³n NNA"                                                                                   &amp#27;[90m# features/usuario/sisnara/registroEvaluacionNNA.feature:10&amp#27;[0m
  &amp#27;[32mGiven &amp#27;[0m&amp#27;[32mcargamos la pagina SISNARA&amp#27;[0m                                                                                                                                     &amp#27;[90m# sisnara.PaginaInicialStep.cargarPaginaVisor()&amp#27;[0m
  &amp#27;[32mWhen &amp#27;[0m&amp#27;[32mingresamos al modulo EVALUACION, submodulo Evaluacion NNA&amp#27;[0m                                                                                                       &amp#27;[90m# sisnara.PaginaInicialStep.ingresarSubModuloEvaluacionNNA()&amp#27;[0m
  &amp#27;[32mThen &amp#27;[0m&amp#27;[32mdebe validar &amp#27;[0m&amp#27;[32m&amp#27;[1mcabeceras&amp#27;[0m&amp#27;[32m segun valor esperado &amp#27;[0m&amp#27;[32m&amp#27;[1m"Nro,Fecha de Ingreso,Nro Expediente,Nombres y Apellidos,Estado,CondiciÃ³n,Fecha,Responsable actual,Tiempo,Opciones"&amp#27;[0m &amp#27;[90m# sisnara.PaginaInicialStep.debeValidarSegunValorEsperado(java.lang.String,java.lang.String)&amp#27;[0m
]]></system-out>
    <system-err><![CDATA[SLF4J(W): No SLF4J providers were found.
SLF4J(W): Defaulting to no-operation (NOP) logger implementation
SLF4J(W): See https://www.slf4j.org/codes.html#noProviders for further details.
set. 28, 2025 11:49:36 P. M. org.openqa.selenium.devtools.CdpVersionFinder findNearestMatch
WARNING: Unable to find CDP implementation matching 140
set. 28, 2025 11:49:37 P. M. org.openqa.selenium.chromium.ChromiumDriver lambda$new$5
WARNING: Unable to find version of CDP to use for 140.0.7339.208. You may need to include a dependency on a specific version of the CDP using something similar to `org.seleniumhq.selenium:selenium-devtools-v86:4.25.0` where the version ("v86") matches the version of the chromium-based browser you're using and the version number of the artifact is the same as Selenium's.
]]></system-err>
  </testcase>
  <testcase name="Example #1.1" classname="Examples" time="16.116">
    <system-out><![CDATA[
@HU013 @CP003
Scenario Outline: Validar liste documentos asociados a EvaluaciÃ³n NNA                       &amp#27;[90m# features/usuario/sisnara/registroEvaluacionNNA.feature:28&amp#27;[0m
  &amp#27;[32mGiven &amp#27;[0m&amp#27;[32mcargamos la pagina SISNARA&amp#27;[0m                                                          &amp#27;[90m# sisnara.PaginaInicialStep.cargarPaginaVisor()&amp#27;[0m
  &amp#27;[32mWhen &amp#27;[0m&amp#27;[32mingresamos al modulo EVALUACION, submodulo Evaluacion NNA&amp#27;[0m                            &amp#27;[90m# sisnara.PaginaInicialStep.ingresarSubModuloEvaluacionNNA()&amp#27;[0m
  &amp#27;[32mAnd &amp#27;[0m&amp#27;[32mbusco el expediente &amp#27;[0m&amp#27;[32m&amp#27;[1m"002581-2025-MIMP/DA-NNA"&amp#27;[0m&amp#27;[32m y abro su Bandeja de documentos&amp#27;[0m         &amp#27;[90m# sisnara.PaginaInicialStep.buscoExpedienteYAbroBandeja(java.lang.String)&amp#27;[0m
  &amp#27;[32mThen &amp#27;[0m&amp#27;[32mel nombre en la Bandeja debe coincidir con el de la lista&amp#27;[0m                            &amp#27;[90m# sisnara.PaginaInicialStep.validarNombreEnBandeja()&amp#27;[0m
  &amp#27;[32mAnd &amp#27;[0m&amp#27;[32mdebe validar que liste documentos asociados&amp#27;[0m                                           &amp#27;[90m# sisnara.PaginaInicialStep.validarBandejaConElementos()&amp#27;[0m
  &amp#27;[32mAnd &amp#27;[0m&amp#27;[32mvalidar que exista opcion Ficha NNA&amp#27;[0m                                                   &amp#27;[90m# sisnara.PaginaInicialStep.validarBotonFichaNNA()&amp#27;[0m
  &amp#27;[32mAnd &amp#27;[0m&amp#27;[32mcada elemento de la bandeja debe tener las opciones Editar, Descargar, Ver y Eliminar&amp#27;[0m &amp#27;[90m# sisnara.PaginaInicialStep.validarOpcionesBandeja()&amp#27;[0m
]]></system-out>
    <system-err><![CDATA[set. 28, 2025 11:50:07 P. M. org.openqa.selenium.devtools.CdpVersionFinder findNearestMatch
WARNING: Unable to find CDP implementation matching 140
set. 28, 2025 11:50:07 P. M. org.openqa.selenium.chromium.ChromiumDriver lambda$new$5
WARNING: Unable to find version of CDP to use for 140.0.7339.208. You may need to include a dependency on a specific version of the CDP using something similar to `org.seleniumhq.selenium:selenium-devtools-v86:4.25.0` where the version ("v86") matches the version of the chromium-based browser you're using and the version number of the artifact is the same as Selenium's.
]]></system-err>
  </testcase>
  <testcase name="Example #1.1" classname="Examples" time="21.658">
    <system-out><![CDATA[
@HU013 @CP004
Scenario Outline: Validar Derivar Expediente                                                                &amp#27;[90m# features/usuario/sisnara/registroEvaluacionNNA.feature:40&amp#27;[0m
  &amp#27;[32mGiven &amp#27;[0m&amp#27;[32mcargamos la pagina SISNARA&amp#27;[0m                                                                          &amp#27;[90m# sisnara.PaginaInicialStep.cargarPaginaVisor()&amp#27;[0m
  &amp#27;[32mWhen &amp#27;[0m&amp#27;[32mingresamos al modulo EVALUACION, submodulo Evaluacion NNA&amp#27;[0m                                            &amp#27;[90m# sisnara.PaginaInicialStep.ingresarSubModuloEvaluacionNNA()&amp#27;[0m
002581-2025-MIMP/DA-NNA
[[[[ChromeDriver: chrome on windows (fea27836f277d1f19a4f2ef96a51aabb)] -> xpath: //table[substring(@id, string-length(@id) - string-length('-table') +1) = '-table']//tbody/tr]] -> tag name: td]
  &amp#27;[32mAnd &amp#27;[0m&amp#27;[32mbusco el expediente &amp#27;[0m&amp#27;[32m&amp#27;[1m"002581-2025-MIMP/DA-NNA"&amp#27;[0m&amp#27;[32m y selecciono Derivar Expediente&amp#27;[0m                         &amp#27;[90m# sisnara.PaginaInicialStep.buscoExpedienteYAbroDerivarExpediente(java.lang.String)&amp#27;[0m
  &amp#27;[32mAnd &amp#27;[0m&amp#27;[32mselecciono especialista &amp#27;[0m&amp#27;[32m&amp#27;[1m"Flora Tapia Tintaya  -  ESPECIALISTA_PSICOSOCIAL"&amp#27;[0m&amp#27;[32m a derivar&amp#27;[0m                  &amp#27;[90m# sisnara.PaginaInicialStep.seleccionoEspecialista(java.lang.String)&amp#27;[0m
  &amp#27;[32mAnd &amp#27;[0m&amp#27;[32mselecciono derivar&amp#27;[0m                                                                                    &amp#27;[90m# sisnara.PaginaInicialStep.seleccionoDerivar()&amp#27;[0m
  &amp#27;[32mThen &amp#27;[0m&amp#27;[32mvalidar que especialista seleccionado es igual al que lista del expediente &amp#27;[0m&amp#27;[32m&amp#27;[1m"002581-2025-MIMP/DA-NNA"&amp#27;[0m &amp#27;[90m# sisnara.PaginaInicialStep.validarEspecialistaDerivado(java.lang.String)&amp#27;[0m
]]></system-out>
    <system-err><![CDATA[set. 28, 2025 11:50:23 P. M. org.openqa.selenium.devtools.CdpVersionFinder findNearestMatch
WARNING: Unable to find CDP implementation matching 140
set. 28, 2025 11:50:23 P. M. org.openqa.selenium.chromium.ChromiumDriver lambda$new$5
WARNING: Unable to find version of CDP to use for 140.0.7339.208. You may need to include a dependency on a specific version of the CDP using something similar to `org.seleniumhq.selenium:selenium-devtools-v86:4.25.0` where the version ("v86") matches the version of the chromium-based browser you're using and the version number of the artifact is the same as Selenium's.
]]></system-err>
  </testcase>
  <testcase name="Validar opciones bandeja y derivar en grilla al ingresar al módulo &quot;Evaluación NNA&quot;" classname="HU013 Registro de Evaluacion NNA" time="14.864">
    <system-out><![CDATA[
@HU013
Scenario: Validar opciones bandeja y derivar en grilla al ingresar al mÃ³dulo "EvaluaciÃ³n NNA" &amp#27;[90m# features/usuario/sisnara/registroEvaluacionNNA.feature:12&amp#27;[0m
  &amp#27;[32mGiven &amp#27;[0m&amp#27;[32mcargamos la pagina SISNARA&amp#27;[0m                                                            &amp#27;[90m# sisnara.PaginaInicialStep.cargarPaginaVisor()&amp#27;[0m
  &amp#27;[32mWhen &amp#27;[0m&amp#27;[32mingresamos al modulo EVALUACION, submodulo Evaluacion NNA&amp#27;[0m                              &amp#27;[90m# sisnara.PaginaInicialStep.ingresarSubModuloEvaluacionNNA()&amp#27;[0m
  &amp#27;[32mThen &amp#27;[0m&amp#27;[32mdebe validar que cada fila tiene Bandeja de documentos y Derivar&amp#27;[0m                       &amp#27;[90m# sisnara.PaginaInicialStep.debeValidarOpcionesGrilla()&amp#27;[0m
]]></system-out>
    <system-err><![CDATA[set. 28, 2025 11:49:53 P. M. org.openqa.selenium.devtools.CdpVersionFinder findNearestMatch
WARNING: Unable to find CDP implementation matching 140
set. 28, 2025 11:49:53 P. M. org.openqa.selenium.chromium.ChromiumDriver lambda$new$5
WARNING: Unable to find version of CDP to use for 140.0.7339.208. You may need to include a dependency on a specific version of the CDP using something similar to `org.seleniumhq.selenium:selenium-devtools-v86:4.25.0` where the version ("v86") matches the version of the chromium-based browser you're using and the version number of the artifact is the same as Selenium's.
]]></system-err>
  </testcase>
</testsuite>