<?xml version="1.0" encoding="UTF-8" standalone="no"?><testsuite errors="0" failures="0" name="HU013 Registro de Evaluacion NNA" skipped="0" tests="4" time="68.57" timestamp="2025-09-28 11:49:34"><testcase name="Validar cabeceras de grilla al ingresar al módulo &quot;Evaluación NNA&quot;"/><testcase name="Validar opciones bandeja y derivar en grilla al ingresar al módulo &quot;Evaluación NNA&quot;"/><testcase name="Validar liste documentos asociados a Evaluación NNA"/><testcase name="Validar Derivar Expediente"/></testsuite>